Using pre-set license
Built from '2020.3/staging' branch; Version is '2020.3.5f1 (8095aa901b9b) revision 8426922'; Using compiler version '192528614'; Build Type 'Release'
OS: 'Windows 10 Home; OS build 19042.928; Version 2009; 64bit' Language: 'zh' Physical Memory: 7938 MB
BatchMode: 1, IsHumanControllingUs: 0, StartBugReporterOnCrash: 0, Is64bit: 1, IsPro: 0

 COMMAND LINE ARGUMENTS:
C:\Program Files\Unity\Hub\Editor\2020.3.5f1\Editor\Unity.exe
-adb2
-batchMode
-noUpm
-name
AssetImportWorker0
-projectPath
C:/Repos/Unity 3D/Obstacle Course
-logFile
Logs/AssetImportWorker0.log
-srvPort
4382
Successfully changed project path to: C:/Repos/Unity 3D/Obstacle Course
C:/Repos/Unity 3D/Obstacle Course
Using Asset Import Pipeline V2.
Refreshing native plugins compatible for Editor in 54.82 ms, found 0 plugins.
Preloading 0 native plugins for Editor in 0.00 ms.
Initialize engine version: 2020.3.5f1 (8095aa901b9b)
[Subsystems] Discovering subsystems at path C:/Program Files/Unity/Hub/Editor/2020.3.5f1/Editor/Data/Resources/UnitySubsystems
[Subsystems] Discovering subsystems at path C:/Repos/Unity 3D/Obstacle Course/Assets
GfxDevice: creating device client; threaded=0
Direct3D:
    Version:  Direct3D 11.0 [level 11.1]
    Renderer: NVIDIA GeForce MX250 (ID=0x1d52)
    Vendor:   
    VRAM:     1983 MB
    Driver:   27.21.14.6627
Initialize mono
Mono path[0] = 'C:/Program Files/Unity/Hub/Editor/2020.3.5f1/Editor/Data/Managed'
Mono path[1] = 'C:/Program Files/Unity/Hub/Editor/2020.3.5f1/Editor/Data/MonoBleedingEdge/lib/mono/unityjit'
Mono config path = 'C:/Program Files/Unity/Hub/Editor/2020.3.5f1/Editor/Data/MonoBleedingEdge/etc'
Using monoOptions --debugger-agent=transport=dt_socket,embedding=1,server=y,suspend=n,address=127.0.0.1:56996
Begin MonoManager ReloadAssembly
Registering precompiled unity dll's ...
Register platform support module: C:/Program Files/Unity/Hub/Editor/2020.3.5f1/Editor/Data/PlaybackEngines/WindowsStandaloneSupport/UnityEditor.WindowsStandalone.Extensions.dll
Registered in 0.002128 seconds.
Native extension for WindowsStandalone target not found
Refreshing native plugins compatible for Editor in 34.19 ms, found 0 plugins.
Preloading 0 native plugins for Editor in 0.00 ms.
Mono: successfully reloaded assembly
- Completed reload, in  1.157 seconds
Platform modules already initialized, skipping
Registering precompiled user dll's ...
Registered in 0.001180 seconds.
Begin MonoManager ReloadAssembly
Native extension for WindowsStandalone target not found
Refreshing native plugins compatible for Editor in 0.24 ms, found 0 plugins.
Preloading 0 native plugins for Editor in 0.00 ms.
Mono: successfully reloaded assembly
- Completed reload, in  0.960 seconds
Platform modules already initialized, skipping
========================================================================
Worker process is ready to serve import requests
Launched and connected shader compiler UnityShaderCompiler.exe after 0.04 seconds
Refreshing native plugins compatible for Editor in 0.25 ms, found 0 plugins.
Preloading 0 native plugins for Editor in 0.00 ms.
Unloading 1265 Unused Serialized files (Serialized files now loaded: 0)
System memory in use before: 62.1 MB.
System memory in use after: 62.2 MB.

Unloading 11 unused Assets to reduce memory usage. Loaded Objects now: 1707.
Total: 2.131400 ms (FindLiveObjects: 0.196600 ms CreateObjectMapping: 0.065900 ms MarkObjects: 1.782200 ms  DeleteObjects: 0.085400 ms)

========================================================================
Received Import Request.
  path: Assets/Obstacle Material.mat
  artifactKey: Guid(68b6381e0e4bafb459dce796f86b818b) Importer(815301076,1909f56bfc062723c751e8b465ee728b)
Start importing Assets/Obstacle Material.mat using Guid(68b6381e0e4bafb459dce796f86b818b) Importer(815301076,1909f56bfc062723c751e8b465ee728b)  -> (artifact id: '40cc661935dbb363d6ea8b016353a5ec') in 0.140101 seconds
  Import took 0.143371 seconds .

========================================================================
Received Import Request.
  Time since last request: 117.462632 seconds.
  path: Assets/Scripts
  artifactKey: Guid(510209b260d01d7489735ed91bb6dad2) Importer(815301076,1909f56bfc062723c751e8b465ee728b)
Start importing Assets/Scripts using Guid(510209b260d01d7489735ed91bb6dad2) Importer(815301076,1909f56bfc062723c751e8b465ee728b)  -> (artifact id: '14c317394f1a8d976c096f4f54e4b0a6') in 0.003431 seconds
  Import took 0.006433 seconds .

========================================================================
Received Prepare
Registering precompiled user dll's ...
Registered in 0.000784 seconds.
Begin MonoManager ReloadAssembly
Native extension for WindowsStandalone target not found
Refreshing native plugins compatible for Editor in 0.29 ms, found 0 plugins.
Preloading 0 native plugins for Editor in 0.00 ms.
Mono: successfully reloaded assembly
- Completed reload, in  0.826 seconds
Platform modules already initialized, skipping
Refreshing native plugins compatible for Editor in 0.27 ms, found 0 plugins.
Preloading 0 native plugins for Editor in 0.00 ms.
Unloading 1258 Unused Serialized files (Serialized files now loaded: 0)
System memory in use before: 65.2 MB.
System memory in use after: 65.3 MB.

Unloading 6 unused Assets to reduce memory usage. Loaded Objects now: 1750.
Total: 2.010300 ms (FindLiveObjects: 0.227800 ms CreateObjectMapping: 0.159300 ms MarkObjects: 1.572000 ms  DeleteObjects: 0.049800 ms)

========================================================================
Received Import Request.
  Time since last request: 13.754689 seconds.
  path: Assets/Scripts/Dropped.cs
  artifactKey: Guid(3f18e3742c30ff24c97a7f6080c6320d) Importer(815301076,1909f56bfc062723c751e8b465ee728b)
Start importing Assets/Scripts/Dropped.cs using Guid(3f18e3742c30ff24c97a7f6080c6320d) Importer(815301076,1909f56bfc062723c751e8b465ee728b)  -> (artifact id: '886da195939624b4c973b2fd2a7eed10') in 0.012672 seconds
  Import took 0.015708 seconds .

========================================================================
Received Prepare
Registering precompiled user dll's ...
Registered in 0.001186 seconds.
Begin MonoManager ReloadAssembly
Native extension for WindowsStandalone target not found
Refreshing native plugins compatible for Editor in 0.27 ms, found 0 plugins.
Preloading 0 native plugins for Editor in 0.00 ms.
Mono: successfully reloaded assembly
- Completed reload, in  0.825 seconds
Platform modules already initialized, skipping
Refreshing native plugins compatible for Editor in 0.23 ms, found 0 plugins.
Preloading 0 native plugins for Editor in 0.00 ms.
Unloading 1259 Unused Serialized files (Serialized files now loaded: 0)
System memory in use before: 65.3 MB.
System memory in use after: 65.4 MB.

Unloading 6 unused Assets to reduce memory usage. Loaded Objects now: 1754.
Total: 2.281100 ms (FindLiveObjects: 0.434100 ms CreateObjectMapping: 0.202500 ms MarkObjects: 1.582000 ms  DeleteObjects: 0.060000 ms)

========================================================================
Received Prepare
Registering precompiled user dll's ...
Registered in 0.000912 seconds.
Begin MonoManager ReloadAssembly
Native extension for WindowsStandalone target not found
Refreshing native plugins compatible for Editor in 0.24 ms, found 0 plugins.
Preloading 0 native plugins for Editor in 0.00 ms.
Mono: successfully reloaded assembly
- Completed reload, in  0.818 seconds
Platform modules already initialized, skipping
Refreshing native plugins compatible for Editor in 0.22 ms, found 0 plugins.
Preloading 0 native plugins for Editor in 0.00 ms.
Unloading 1258 Unused Serialized files (Serialized files now loaded: 0)
System memory in use before: 65.3 MB.
System memory in use after: 65.4 MB.

Unloading 7 unused Assets to reduce memory usage. Loaded Objects now: 1756.
Total: 4.980400 ms (FindLiveObjects: 0.408000 ms CreateObjectMapping: 0.202500 ms MarkObjects: 4.226900 ms  DeleteObjects: 0.140100 ms)

========================================================================
Received Import Request.
  Time since last request: 14.310961 seconds.
  path: Assets/Scripts/Dropper.cs
  artifactKey: Guid(f54399490ef8aa84ba3bf8a35232b808) Importer(815301076,1909f56bfc062723c751e8b465ee728b)
Start importing Assets/Scripts/Dropper.cs using Guid(f54399490ef8aa84ba3bf8a35232b808) Importer(815301076,1909f56bfc062723c751e8b465ee728b)  -> (artifact id: '281786f9b2066d865bb16d4c776a3de4') in 0.004767 seconds
  Import took 0.009038 seconds .

========================================================================
Received Prepare
Registering precompiled user dll's ...
Registered in 0.000809 seconds.
Begin MonoManager ReloadAssembly
Native extension for WindowsStandalone target not found
Refreshing native plugins compatible for Editor in 0.30 ms, found 0 plugins.
Preloading 0 native plugins for Editor in 0.00 ms.
Mono: successfully reloaded assembly
- Completed reload, in  0.830 seconds
Platform modules already initialized, skipping
Refreshing native plugins compatible for Editor in 0.28 ms, found 0 plugins.
Preloading 0 native plugins for Editor in 0.00 ms.
Unloading 1259 Unused Serialized files (Serialized files now loaded: 0)
System memory in use before: 65.4 MB.
System memory in use after: 65.4 MB.

Unloading 6 unused Assets to reduce memory usage. Loaded Objects now: 1760.
Total: 1.711700 ms (FindLiveObjects: 0.182800 ms CreateObjectMapping: 0.057300 ms MarkObjects: 1.415700 ms  DeleteObjects: 0.054200 ms)

========================================================================
Received Import Request.
  Time since last request: 290.939885 seconds.
  path: Assets/Scripts/Dropper.cs
  artifactKey: Guid(f54399490ef8aa84ba3bf8a35232b808) Importer(815301076,1909f56bfc062723c751e8b465ee728b)
Start importing Assets/Scripts/Dropper.cs using Guid(f54399490ef8aa84ba3bf8a35232b808) Importer(815301076,1909f56bfc062723c751e8b465ee728b)  -> (artifact id: '2045193d7ee9b9d9f1096cef127a50cc') in 0.008602 seconds
  Import took 0.012574 seconds .

========================================================================
Received Import Request.
  Time since last request: 23.262435 seconds.
  path: Assets/Scripts/Dropper.cs
  artifactKey: Guid(f54399490ef8aa84ba3bf8a35232b808) Importer(815301076,1909f56bfc062723c751e8b465ee728b)
Start importing Assets/Scripts/Dropper.cs using Guid(f54399490ef8aa84ba3bf8a35232b808) Importer(815301076,1909f56bfc062723c751e8b465ee728b)  -> (artifact id: 'd42545880b41ac1096de8f621529c056') in 0.004007 seconds
  Import took 0.007682 seconds .

========================================================================
Received Import Request.
  Time since last request: 40.445785 seconds.
  path: Assets/Scripts/Dropper.cs
  artifactKey: Guid(f54399490ef8aa84ba3bf8a35232b808) Importer(815301076,1909f56bfc062723c751e8b465ee728b)
Start importing Assets/Scripts/Dropper.cs using Guid(f54399490ef8aa84ba3bf8a35232b808) Importer(815301076,1909f56bfc062723c751e8b465ee728b)  -> (artifact id: '1a0800e4da520cb7005a09b9c501e9cc') in 0.006521 seconds
  Import took 0.009829 seconds .

========================================================================
Received Prepare
Registering precompiled user dll's ...
Registered in 0.000787 seconds.
Begin MonoManager ReloadAssembly
Native extension for WindowsStandalone target not found
Refreshing native plugins compatible for Editor in 0.25 ms, found 0 plugins.
Preloading 0 native plugins for Editor in 0.00 ms.
Mono: successfully reloaded assembly
- Completed reload, in  0.838 seconds
Platform modules already initialized, skipping
Refreshing native plugins compatible for Editor in 0.27 ms, found 0 plugins.
Preloading 0 native plugins for Editor in 0.00 ms.
Unloading 1259 Unused Serialized files (Serialized files now loaded: 0)
System memory in use before: 65.4 MB.
System memory in use after: 65.4 MB.

Unloading 6 unused Assets to reduce memory usage. Loaded Objects now: 1763.
Total: 2.269300 ms (FindLiveObjects: 0.362600 ms CreateObjectMapping: 0.112900 ms MarkObjects: 1.718800 ms  DeleteObjects: 0.073100 ms)

========================================================================
Received Import Request.
  Time since last request: 14.984637 seconds.
  path: Assets/Scripts/Dropper.cs
  artifactKey: Guid(f54399490ef8aa84ba3bf8a35232b808) Importer(815301076,1909f56bfc062723c751e8b465ee728b)
Start importing Assets/Scripts/Dropper.cs using Guid(f54399490ef8aa84ba3bf8a35232b808) Importer(815301076,1909f56bfc062723c751e8b465ee728b)  -> (artifact id: 'fc6610a6010d9caea8d75e5c39078a9b') in 0.004673 seconds
  Import took 0.006746 seconds .

========================================================================
Received Prepare
Registering precompiled user dll's ...
Registered in 0.000837 seconds.
Begin MonoManager ReloadAssembly
Native extension for WindowsStandalone target not found
Refreshing native plugins compatible for Editor in 0.26 ms, found 0 plugins.
Preloading 0 native plugins for Editor in 0.00 ms.
Mono: successfully reloaded assembly
- Completed reload, in  0.811 seconds
Platform modules already initialized, skipping
Refreshing native plugins compatible for Editor in 0.27 ms, found 0 plugins.
Preloading 0 native plugins for Editor in 0.00 ms.
Unloading 1259 Unused Serialized files (Serialized files now loaded: 0)
System memory in use before: 65.4 MB.
System memory in use after: 65.5 MB.

Unloading 6 unused Assets to reduce memory usage. Loaded Objects now: 1766.
Total: 4.769100 ms (FindLiveObjects: 0.419500 ms CreateObjectMapping: 0.150900 ms MarkObjects: 4.084500 ms  DeleteObjects: 0.111100 ms)

========================================================================
Received Import Request.
  Time since last request: 34.080187 seconds.
  path: Assets/Scripts/Dropper.cs
  artifactKey: Guid(f54399490ef8aa84ba3bf8a35232b808) Importer(815301076,1909f56bfc062723c751e8b465ee728b)
Start importing Assets/Scripts/Dropper.cs using Guid(f54399490ef8aa84ba3bf8a35232b808) Importer(815301076,1909f56bfc062723c751e8b465ee728b)  -> (artifact id: 'caefd456c00bd263165a63f9e708a42c') in 0.010279 seconds
  Import took 0.019718 seconds .

========================================================================
Received Prepare
Registering precompiled user dll's ...
Registered in 0.001159 seconds.
Begin MonoManager ReloadAssembly
Native extension for WindowsStandalone target not found
Refreshing native plugins compatible for Editor in 0.26 ms, found 0 plugins.
Preloading 0 native plugins for Editor in 0.00 ms.
Mono: successfully reloaded assembly
- Completed reload, in  0.806 seconds
Platform modules already initialized, skipping
Refreshing native plugins compatible for Editor in 0.23 ms, found 0 plugins.
Preloading 0 native plugins for Editor in 0.00 ms.
Unloading 1259 Unused Serialized files (Serialized files now loaded: 0)
System memory in use before: 65.4 MB.
System memory in use after: 65.5 MB.

Unloading 6 unused Assets to reduce memory usage. Loaded Objects now: 1769.
Total: 1.998000 ms (FindLiveObjects: 0.190600 ms CreateObjectMapping: 0.052400 ms MarkObjects: 1.697600 ms  DeleteObjects: 0.055700 ms)

========================================================================
Received Import Request.
  Time since last request: 48.639548 seconds.
  path: Assets/Scripts/Dropper.cs
  artifactKey: Guid(f54399490ef8aa84ba3bf8a35232b808) Importer(815301076,1909f56bfc062723c751e8b465ee728b)
Start importing Assets/Scripts/Dropper.cs using Guid(f54399490ef8aa84ba3bf8a35232b808) Importer(815301076,1909f56bfc062723c751e8b465ee728b)  -> (artifact id: '94d628b5321301322e8faffae313c14f') in 0.004713 seconds
  Import took 0.008134 seconds .

========================================================================
Received Import Request.
  Time since last request: 66.496061 seconds.
  path: Assets/Scripts/Dropper.cs
  artifactKey: Guid(f54399490ef8aa84ba3bf8a35232b808) Importer(815301076,1909f56bfc062723c751e8b465ee728b)
Start importing Assets/Scripts/Dropper.cs using Guid(f54399490ef8aa84ba3bf8a35232b808) Importer(815301076,1909f56bfc062723c751e8b465ee728b)  -> (artifact id: 'b9826b12b45bce15ef8528eb7516691c') in 0.004157 seconds
  Import took 0.008531 seconds .

========================================================================
Received Prepare
Registering precompiled user dll's ...
Registered in 0.000802 seconds.
Begin MonoManager ReloadAssembly
Native extension for WindowsStandalone target not found
Refreshing native plugins compatible for Editor in 0.27 ms, found 0 plugins.
Preloading 0 native plugins for Editor in 0.00 ms.
Mono: successfully reloaded assembly
- Completed reload, in  0.820 seconds
Platform modules already initialized, skipping
Refreshing native plugins compatible for Editor in 0.27 ms, found 0 plugins.
Preloading 0 native plugins for Editor in 0.00 ms.
Unloading 1259 Unused Serialized files (Serialized files now loaded: 0)
System memory in use before: 65.4 MB.
System memory in use after: 65.5 MB.

Unloading 6 unused Assets to reduce memory usage. Loaded Objects now: 1772.
Total: 2.068000 ms (FindLiveObjects: 0.221900 ms CreateObjectMapping: 0.078700 ms MarkObjects: 1.687700 ms  DeleteObjects: 0.078300 ms)

========================================================================
Received Import Request.
  Time since last request: 71.480430 seconds.
  path: Assets/Scripts/Dropper.cs
  artifactKey: Guid(f54399490ef8aa84ba3bf8a35232b808) Importer(815301076,1909f56bfc062723c751e8b465ee728b)
Start importing Assets/Scripts/Dropper.cs using Guid(f54399490ef8aa84ba3bf8a35232b808) Importer(815301076,1909f56bfc062723c751e8b465ee728b)  -> (artifact id: 'e687c2fd6350797abc44b6dc285fdd72') in 0.004182 seconds
  Import took 0.008569 seconds .

========================================================================
Received Prepare
Registering precompiled user dll's ...
Registered in 0.001235 seconds.
Begin MonoManager ReloadAssembly
Native extension for WindowsStandalone target not found
Refreshing native plugins compatible for Editor in 0.27 ms, found 0 plugins.
Preloading 0 native plugins for Editor in 0.00 ms.
Mono: successfully reloaded assembly
- Completed reload, in  0.811 seconds
Platform modules already initialized, skipping
Refreshing native plugins compatible for Editor in 0.24 ms, found 0 plugins.
Preloading 0 native plugins for Editor in 0.00 ms.
Unloading 1259 Unused Serialized files (Serialized files now loaded: 0)
System memory in use before: 65.4 MB.
System memory in use after: 65.5 MB.

Unloading 6 unused Assets to reduce memory usage. Loaded Objects now: 1775.
Total: 2.998200 ms (FindLiveObjects: 0.432000 ms CreateObjectMapping: 0.165500 ms MarkObjects: 2.277800 ms  DeleteObjects: 0.119200 ms)

========================================================================
Received Import Request.
  Time since last request: 264.873414 seconds.
  path: Assets/Scripts/Dropper.cs
  artifactKey: Guid(f54399490ef8aa84ba3bf8a35232b808) Importer(815301076,1909f56bfc062723c751e8b465ee728b)
Start importing Assets/Scripts/Dropper.cs using Guid(f54399490ef8aa84ba3bf8a35232b808) Importer(815301076,1909f56bfc062723c751e8b465ee728b)  -> (artifact id: '257ad48050ba8a772429a8535c51a61e') in 0.005467 seconds
  Import took 0.009009 seconds .

========================================================================
Received Prepare
Registering precompiled user dll's ...
Registered in 0.000814 seconds.
Begin MonoManager ReloadAssembly
Native extension for WindowsStandalone target not found
Refreshing native plugins compatible for Editor in 0.23 ms, found 0 plugins.
Preloading 0 native plugins for Editor in 0.00 ms.
Mono: successfully reloaded assembly
- Completed reload, in  0.826 seconds
Platform modules already initialized, skipping
Refreshing native plugins compatible for Editor in 0.25 ms, found 0 plugins.
Preloading 0 native plugins for Editor in 0.00 ms.
Unloading 1259 Unused Serialized files (Serialized files now loaded: 0)
System memory in use before: 65.4 MB.
System memory in use after: 65.5 MB.

Unloading 6 unused Assets to reduce memory usage. Loaded Objects now: 1778.
Total: 2.249300 ms (FindLiveObjects: 0.244700 ms CreateObjectMapping: 0.092800 ms MarkObjects: 1.835600 ms  DeleteObjects: 0.073400 ms)

========================================================================
Received Prepare
Registering precompiled user dll's ...
Registered in 0.000820 seconds.
Begin MonoManager ReloadAssembly
Native extension for WindowsStandalone target not found
Refreshing native plugins compatible for Editor in 0.26 ms, found 0 plugins.
Preloading 0 native plugins for Editor in 0.00 ms.
Mono: successfully reloaded assembly
- Completed reload, in  0.838 seconds
Platform modules already initialized, skipping
Refreshing native plugins compatible for Editor in 0.23 ms, found 0 plugins.
Preloading 0 native plugins for Editor in 0.00 ms.
Unloading 1259 Unused Serialized files (Serialized files now loaded: 0)
System memory in use before: 65.4 MB.
System memory in use after: 65.5 MB.

Unloading 6 unused Assets to reduce memory usage. Loaded Objects now: 1781.
Total: 2.290400 ms (FindLiveObjects: 0.360600 ms CreateObjectMapping: 0.061700 ms MarkObjects: 1.809200 ms  DeleteObjects: 0.057700 ms)

========================================================================
Received Prepare
Registering precompiled user dll's ...
Registered in 0.000826 seconds.
Begin MonoManager ReloadAssembly
Native extension for WindowsStandalone target not found
Refreshing native plugins compatible for Editor in 0.26 ms, found 0 plugins.
Preloading 0 native plugins for Editor in 0.00 ms.
Mono: successfully reloaded assembly
- Completed reload, in  0.853 seconds
Platform modules already initialized, skipping
Refreshing native plugins compatible for Editor in 0.39 ms, found 0 plugins.
Preloading 0 native plugins for Editor in 0.00 ms.
Unloading 1259 Unused Serialized files (Serialized files now loaded: 0)
System memory in use before: 65.4 MB.
System memory in use after: 65.5 MB.

Unloading 6 unused Assets to reduce memory usage. Loaded Objects now: 1784.
Total: 2.298700 ms (FindLiveObjects: 0.187400 ms CreateObjectMapping: 0.046000 ms MarkObjects: 1.973700 ms  DeleteObjects: 0.089600 ms)

========================================================================
Received Prepare
Registering precompiled user dll's ...
Registered in 0.000919 seconds.
Begin MonoManager ReloadAssembly
Native extension for WindowsStandalone target not found
Refreshing native plugins compatible for Editor in 0.26 ms, found 0 plugins.
Preloading 0 native plugins for Editor in 0.00 ms.
Mono: successfully reloaded assembly
- Completed reload, in  0.840 seconds
Platform modules already initialized, skipping
Refreshing native plugins compatible for Editor in 0.25 ms, found 0 plugins.
Preloading 0 native plugins for Editor in 0.00 ms.
Unloading 1259 Unused Serialized files (Serialized files now loaded: 0)
System memory in use before: 65.4 MB.
System memory in use after: 65.5 MB.

Unloading 6 unused Assets to reduce memory usage. Loaded Objects now: 1787.
Total: 2.004700 ms (FindLiveObjects: 0.230900 ms CreateObjectMapping: 0.086800 ms MarkObjects: 1.624800 ms  DeleteObjects: 0.059300 ms)

========================================================================
Received Prepare
Registering precompiled user dll's ...
Registered in 0.001098 seconds.
Begin MonoManager ReloadAssembly
Native extension for WindowsStandalone target not found
Refreshing native plugins compatible for Editor in 0.23 ms, found 0 plugins.
Preloading 0 native plugins for Editor in 0.00 ms.
Mono: successfully reloaded assembly
- Completed reload, in  0.827 seconds
Platform modules already initialized, skipping
Refreshing native plugins compatible for Editor in 0.25 ms, found 0 plugins.
Preloading 0 native plugins for Editor in 0.00 ms.
Unloading 1259 Unused Serialized files (Serialized files now loaded: 0)
System memory in use before: 65.4 MB.
System memory in use after: 65.5 MB.

Unloading 6 unused Assets to reduce memory usage. Loaded Objects now: 1790.
Total: 2.286000 ms (FindLiveObjects: 0.229400 ms CreateObjectMapping: 0.062400 ms MarkObjects: 1.875500 ms  DeleteObjects: 0.116600 ms)

========================================================================
Received Prepare
Registering precompiled user dll's ...
Registered in 0.001259 seconds.
Begin MonoManager ReloadAssembly
Native extension for WindowsStandalone target not found
Refreshing native plugins compatible for Editor in 0.58 ms, found 0 plugins.
Preloading 0 native plugins for Editor in 0.00 ms.
Mono: successfully reloaded assembly
- Completed reload, in  1.122 seconds
Platform modules already initialized, skipping
Refreshing native plugins compatible for Editor in 0.26 ms, found 0 plugins.
Preloading 0 native plugins for Editor in 0.00 ms.
Unloading 1259 Unused Serialized files (Serialized files now loaded: 0)
System memory in use before: 65.4 MB.
System memory in use after: 65.5 MB.

Unloading 6 unused Assets to reduce memory usage. Loaded Objects now: 1793.
Total: 2.606400 ms (FindLiveObjects: 0.328800 ms CreateObjectMapping: 0.129100 ms MarkObjects: 2.078100 ms  DeleteObjects: 0.067500 ms)

========================================================================
Received Import Request.
  Time since last request: 872.394987 seconds.
  path: Assets/Scripts/Dropper.cs
  artifactKey: Guid(f54399490ef8aa84ba3bf8a35232b808) Importer(815301076,1909f56bfc062723c751e8b465ee728b)
Start importing Assets/Scripts/Dropper.cs using Guid(f54399490ef8aa84ba3bf8a35232b808) Importer(815301076,1909f56bfc062723c751e8b465ee728b)  -> (artifact id: '86126c8c07aaaf6ce22aa5e78d12604b') in 0.005457 seconds
  Import took 0.008237 seconds .

========================================================================
Received Prepare
Registering precompiled user dll's ...
Registered in 0.000816 seconds.
Begin MonoManager ReloadAssembly
Native extension for WindowsStandalone target not found
Refreshing native plugins compatible for Editor in 0.23 ms, found 0 plugins.
Preloading 0 native plugins for Editor in 0.00 ms.
Mono: successfully reloaded assembly
- Completed reload, in  0.931 seconds
Platform modules already initialized, skipping
Refreshing native plugins compatible for Editor in 0.36 ms, found 0 plugins.
Preloading 0 native plugins for Editor in 0.00 ms.
Unloading 1259 Unused Serialized files (Serialized files now loaded: 0)
System memory in use before: 65.4 MB.
System memory in use after: 65.5 MB.

Unloading 6 unused Assets to reduce memory usage. Loaded Objects now: 1796.
Total: 3.398000 ms (FindLiveObjects: 0.336400 ms CreateObjectMapping: 0.151200 ms MarkObjects: 2.776500 ms  DeleteObjects: 0.131000 ms)

========================================================================
Received Prepare
Registering precompiled user dll's ...
Registered in 0.000785 seconds.
Begin MonoManager ReloadAssembly
Native extension for WindowsStandalone target not found
Refreshing native plugins compatible for Editor in 0.25 ms, found 0 plugins.
Preloading 0 native plugins for Editor in 0.00 ms.
Mono: successfully reloaded assembly
- Completed reload, in  1.293 seconds
Platform modules already initialized, skipping
Refreshing native plugins compatible for Editor in 0.30 ms, found 0 plugins.
Preloading 0 native plugins for Editor in 0.00 ms.
Unloading 1259 Unused Serialized files (Serialized files now loaded: 0)
System memory in use before: 65.4 MB.
System memory in use after: 65.5 MB.

Unloading 6 unused Assets to reduce memory usage. Loaded Objects now: 1799.
Total: 1.859400 ms (FindLiveObjects: 0.201200 ms CreateObjectMapping: 0.057300 ms MarkObjects: 1.540000 ms  DeleteObjects: 0.058800 ms)

========================================================================
Received Prepare
Registering precompiled user dll's ...
Registered in 0.000756 seconds.
Begin MonoManager ReloadAssembly
Native extension for WindowsStandalone target not found
Refreshing native plugins compatible for Editor in 0.23 ms, found 0 plugins.
Preloading 0 native plugins for Editor in 0.00 ms.
Mono: successfully reloaded assembly
- Completed reload, in  0.841 seconds
Platform modules already initialized, skipping
Refreshing native plugins compatible for Editor in 0.23 ms, found 0 plugins.
Preloading 0 native plugins for Editor in 0.00 ms.
Unloading 1259 Unused Serialized files (Serialized files now loaded: 0)
System memory in use before: 65.4 MB.
System memory in use after: 65.5 MB.

Unloading 6 unused Assets to reduce memory usage. Loaded Objects now: 1802.
Total: 2.111500 ms (FindLiveObjects: 0.284500 ms CreateObjectMapping: 0.079800 ms MarkObjects: 1.689400 ms  DeleteObjects: 0.056000 ms)

========================================================================
Received Prepare
Registering precompiled user dll's ...
Registered in 0.000818 seconds.
Begin MonoManager ReloadAssembly
Native extension for WindowsStandalone target not found
Refreshing native plugins compatible for Editor in 0.25 ms, found 0 plugins.
Preloading 0 native plugins for Editor in 0.00 ms.
Mono: successfully reloaded assembly
- Completed reload, in  0.890 seconds
Platform modules already initialized, skipping
Refreshing native plugins compatible for Editor in 0.26 ms, found 0 plugins.
Preloading 0 native plugins for Editor in 0.00 ms.
Unloading 1259 Unused Serialized files (Serialized files now loaded: 0)
System memory in use before: 65.4 MB.
System memory in use after: 65.5 MB.

Unloading 6 unused Assets to reduce memory usage. Loaded Objects now: 1805.
Total: 4.003700 ms (FindLiveObjects: 0.888500 ms CreateObjectMapping: 0.169900 ms MarkObjects: 2.841200 ms  DeleteObjects: 0.085100 ms)

========================================================================
Received Prepare
Registering precompiled user dll's ...
Registered in 0.000785 seconds.
Begin MonoManager ReloadAssembly
Native extension for WindowsStandalone target not found
Refreshing native plugins compatible for Editor in 0.27 ms, found 0 plugins.
Preloading 0 native plugins for Editor in 0.00 ms.
Mono: successfully reloaded assembly
- Completed reload, in  0.809 seconds
Platform modules already initialized, skipping
Refreshing native plugins compatible for Editor in 0.25 ms, found 0 plugins.
Preloading 0 native plugins for Editor in 0.00 ms.
Unloading 1259 Unused Serialized files (Serialized files now loaded: 0)
System memory in use before: 65.4 MB.
System memory in use after: 65.5 MB.

Unloading 6 unused Assets to reduce memory usage. Loaded Objects now: 1808.
Total: 2.443200 ms (FindLiveObjects: 0.297200 ms CreateObjectMapping: 0.082200 ms MarkObjects: 1.994400 ms  DeleteObjects: 0.067800 ms)

========================================================================
Received Prepare
Registering precompiled user dll's ...
Registered in 0.000833 seconds.
Begin MonoManager ReloadAssembly
Native extension for WindowsStandalone target not found
Refreshing native plugins compatible for Editor in 0.24 ms, found 0 plugins.
Preloading 0 native plugins for Editor in 0.00 ms.
Mono: successfully reloaded assembly
- Completed reload, in  0.945 seconds
Platform modules already initialized, skipping
Refreshing native plugins compatible for Editor in 0.33 ms, found 0 plugins.
Preloading 0 native plugins for Editor in 0.00 ms.
Unloading 1259 Unused Serialized files (Serialized files now loaded: 0)
System memory in use before: 65.5 MB.
System memory in use after: 65.5 MB.

Unloading 6 unused Assets to reduce memory usage. Loaded Objects now: 1811.
Total: 2.109100 ms (FindLiveObjects: 0.264500 ms CreateObjectMapping: 0.061600 ms MarkObjects: 1.726300 ms  DeleteObjects: 0.055200 ms)

========================================================================
Received Prepare
Registering precompiled user dll's ...
Registered in 0.000873 seconds.
Begin MonoManager ReloadAssembly
Native extension for WindowsStandalone target not found
Refreshing native plugins compatible for Editor in 0.24 ms, found 0 plugins.
Preloading 0 native plugins for Editor in 0.00 ms.
Mono: successfully reloaded assembly
- Completed reload, in  0.936 seconds
Platform modules already initialized, skipping
Refreshing native plugins compatible for Editor in 0.29 ms, found 0 plugins.
Preloading 0 native plugins for Editor in 0.00 ms.
Unloading 1259 Unused Serialized files (Serialized files now loaded: 0)
System memory in use before: 65.5 MB.
System memory in use after: 65.5 MB.

Unloading 6 unused Assets to reduce memory usage. Loaded Objects now: 1814.
Total: 2.342500 ms (FindLiveObjects: 0.455200 ms CreateObjectMapping: 0.181800 ms MarkObjects: 1.627400 ms  DeleteObjects: 0.075700 ms)

========================================================================
Received Prepare
Registering precompiled user dll's ...
Registered in 0.000785 seconds.
Begin MonoManager ReloadAssembly
Native extension for WindowsStandalone target not found
Refreshing native plugins compatible for Editor in 0.25 ms, found 0 plugins.
Preloading 0 native plugins for Editor in 0.00 ms.
Mono: successfully reloaded assembly
- Completed reload, in  1.045 seconds
Platform modules already initialized, skipping
Refreshing native plugins compatible for Editor in 0.36 ms, found 0 plugins.
Preloading 0 native plugins for Editor in 0.00 ms.
Unloading 1259 Unused Serialized files (Serialized files now loaded: 0)
System memory in use before: 65.5 MB.
System memory in use after: 65.5 MB.

Unloading 6 unused Assets to reduce memory usage. Loaded Objects now: 1817.
Total: 2.302600 ms (FindLiveObjects: 0.179600 ms CreateObjectMapping: 0.047200 ms MarkObjects: 2.008600 ms  DeleteObjects: 0.065600 ms)

========================================================================
Received Prepare
Registering precompiled user dll's ...
Registered in 0.000815 seconds.
Begin MonoManager ReloadAssembly
Native extension for WindowsStandalone target not found
Refreshing native plugins compatible for Editor in 0.23 ms, found 0 plugins.
Preloading 0 native plugins for Editor in 0.00 ms.
Mono: successfully reloaded assembly
- Completed reload, in  0.892 seconds
Platform modules already initialized, skipping
Refreshing native plugins compatible for Editor in 0.26 ms, found 0 plugins.
Preloading 0 native plugins for Editor in 0.00 ms.
Unloading 1259 Unused Serialized files (Serialized files now loaded: 0)
System memory in use before: 65.5 MB.
System memory in use after: 65.5 MB.

Unloading 6 unused Assets to reduce memory usage. Loaded Objects now: 1820.
Total: 3.519400 ms (FindLiveObjects: 0.291900 ms CreateObjectMapping: 0.121900 ms MarkObjects: 3.023300 ms  DeleteObjects: 0.079800 ms)

========================================================================
Received Prepare
Registering precompiled user dll's ...
Registered in 0.000782 seconds.
Begin MonoManager ReloadAssembly
Native extension for WindowsStandalone target not found
Refreshing native plugins compatible for Editor in 0.25 ms, found 0 plugins.
Preloading 0 native plugins for Editor in 0.00 ms.
Mono: successfully reloaded assembly
- Completed reload, in  0.832 seconds
Platform modules already initialized, skipping
Refreshing native plugins compatible for Editor in 0.27 ms, found 0 plugins.
Preloading 0 native plugins for Editor in 0.00 ms.
Unloading 1259 Unused Serialized files (Serialized files now loaded: 0)
System memory in use before: 65.5 MB.
System memory in use after: 65.6 MB.

Unloading 6 unused Assets to reduce memory usage. Loaded Objects now: 1823.
Total: 2.156500 ms (FindLiveObjects: 0.292300 ms CreateObjectMapping: 0.074500 ms MarkObjects: 1.735100 ms  DeleteObjects: 0.052400 ms)

========================================================================
Received Prepare
Registering precompiled user dll's ...
Registered in 0.000818 seconds.
Begin MonoManager ReloadAssembly
Native extension for WindowsStandalone target not found
Refreshing native plugins compatible for Editor in 0.25 ms, found 0 plugins.
Preloading 0 native plugins for Editor in 0.00 ms.
Mono: successfully reloaded assembly
- Completed reload, in  0.862 seconds
Platform modules already initialized, skipping
Refreshing native plugins compatible for Editor in 0.32 ms, found 0 plugins.
Preloading 0 native plugins for Editor in 0.00 ms.
Unloading 1259 Unused Serialized files (Serialized files now loaded: 0)
System memory in use before: 65.5 MB.
System memory in use after: 65.6 MB.

Unloading 6 unused Assets to reduce memory usage. Loaded Objects now: 1826.
Total: 2.116200 ms (FindLiveObjects: 0.262900 ms CreateObjectMapping: 0.085900 ms MarkObjects: 1.708500 ms  DeleteObjects: 0.056800 ms)

========================================================================
Received Import Request.
  Time since last request: 4974.872063 seconds.
  path: ProjectSettings/TagManager.asset
  artifactKey: Guid(00000000000000003000000000000000) Importer(815301076,1909f56bfc062723c751e8b465ee728b)
Start importing ProjectSettings/TagManager.asset using Guid(00000000000000003000000000000000) Importer(815301076,1909f56bfc062723c751e8b465ee728b)  -> (artifact id: '0cf9088148c8a3cbd29f9a356fcbb966') in 0.023591 seconds
  Import took 0.026875 seconds .

========================================================================
Received Import Request.
  Time since last request: 0.001814 seconds.
  path: ProjectSettings/TagManager.asset
  artifactKey: Guid(00000000000000003000000000000000) Importer(815301076,1909f56bfc062723c751e8b465ee728b)
Start importing ProjectSettings/TagManager.asset using Guid(00000000000000003000000000000000) Importer(815301076,1909f56bfc062723c751e8b465ee728b)  -> (artifact id: '0cf9088148c8a3cbd29f9a356fcbb966') in 0.003133 seconds
  Import took 0.005275 seconds .

========================================================================
Received Prepare
Registering precompiled user dll's ...
Registered in 0.000833 seconds.
Begin MonoManager ReloadAssembly
Native extension for WindowsStandalone target not found
Refreshing native plugins compatible for Editor in 0.37 ms, found 0 plugins.
Preloading 0 native plugins for Editor in 0.00 ms.
Mono: successfully reloaded assembly
- Completed reload, in  0.872 seconds
Platform modules already initialized, skipping
Refreshing native plugins compatible for Editor in 0.23 ms, found 0 plugins.
Preloading 0 native plugins for Editor in 0.00 ms.
Unloading 1259 Unused Serialized files (Serialized files now loaded: 0)
System memory in use before: 65.5 MB.
System memory in use after: 65.6 MB.

Unloading 8 unused Assets to reduce memory usage. Loaded Objects now: 1829.
Total: 1.865100 ms (FindLiveObjects: 0.211100 ms CreateObjectMapping: 0.084400 ms MarkObjects: 1.513000 ms  DeleteObjects: 0.054800 ms)

========================================================================
Received Prepare
Registering precompiled user dll's ...
Registered in 0.001450 seconds.
Begin MonoManager ReloadAssembly
Native extension for WindowsStandalone target not found
Refreshing native plugins compatible for Editor in 0.26 ms, found 0 plugins.
Preloading 0 native plugins for Editor in 0.00 ms.
Mono: successfully reloaded assembly
- Completed reload, in  0.863 seconds
Platform modules already initialized, skipping
Refreshing native plugins compatible for Editor in 0.23 ms, found 0 plugins.
Preloading 0 native plugins for Editor in 0.00 ms.
Unloading 1259 Unused Serialized files (Serialized files now loaded: 0)
System memory in use before: 65.5 MB.
System memory in use after: 65.6 MB.

Unloading 6 unused Assets to reduce memory usage. Loaded Objects now: 1832.
Total: 2.205200 ms (FindLiveObjects: 0.276700 ms CreateObjectMapping: 0.082900 ms MarkObjects: 1.792100 ms  DeleteObjects: 0.051400 ms)

========================================================================
Received Prepare
Registering precompiled user dll's ...
Registered in 0.000803 seconds.
Begin MonoManager ReloadAssembly
Native extension for WindowsStandalone target not found
Refreshing native plugins compatible for Editor in 0.27 ms, found 0 plugins.
Preloading 0 native plugins for Editor in 0.00 ms.
Mono: successfully reloaded assembly
- Completed reload, in  0.849 seconds
Platform modules already initialized, skipping
Refreshing native plugins compatible for Editor in 0.27 ms, found 0 plugins.
Preloading 0 native plugins for Editor in 0.00 ms.
Unloading 1259 Unused Serialized files (Serialized files now loaded: 0)
System memory in use before: 65.5 MB.
System memory in use after: 65.6 MB.

Unloading 6 unused Assets to reduce memory usage. Loaded Objects now: 1835.
Total: 2.069300 ms (FindLiveObjects: 0.195800 ms CreateObjectMapping: 0.049400 ms MarkObjects: 1.770300 ms  DeleteObjects: 0.052200 ms)

========================================================================
Received Prepare
Registering precompiled user dll's ...
Registered in 0.000883 seconds.
Begin MonoManager ReloadAssembly
Native extension for WindowsStandalone target not found
Refreshing native plugins compatible for Editor in 0.39 ms, found 0 plugins.
Preloading 0 native plugins for Editor in 0.00 ms.
Mono: successfully reloaded assembly
- Completed reload, in  0.910 seconds
Platform modules already initialized, skipping
Refreshing native plugins compatible for Editor in 0.25 ms, found 0 plugins.
Preloading 0 native plugins for Editor in 0.00 ms.
Unloading 1259 Unused Serialized files (Serialized files now loaded: 0)
System memory in use before: 65.5 MB.
System memory in use after: 65.6 MB.

Unloading 6 unused Assets to reduce memory usage. Loaded Objects now: 1838.
Total: 2.505900 ms (FindLiveObjects: 0.251600 ms CreateObjectMapping: 0.054100 ms MarkObjects: 2.103600 ms  DeleteObjects: 0.095200 ms)

========================================================================
Received Prepare
Registering precompiled user dll's ...
Registered in 0.001002 seconds.
Begin MonoManager ReloadAssembly
Native extension for WindowsStandalone target not found
Refreshing native plugins compatible for Editor in 0.27 ms, found 0 plugins.
Preloading 0 native plugins for Editor in 0.00 ms.
Mono: successfully reloaded assembly
- Completed reload, in  0.892 seconds
Platform modules already initialized, skipping
Refreshing native plugins compatible for Editor in 0.34 ms, found 0 plugins.
Preloading 0 native plugins for Editor in 0.00 ms.
Unloading 1259 Unused Serialized files (Serialized files now loaded: 0)
System memory in use before: 65.5 MB.
System memory in use after: 65.6 MB.

Unloading 6 unused Assets to reduce memory usage. Loaded Objects now: 1841.
Total: 1.886000 ms (FindLiveObjects: 0.167700 ms CreateObjectMapping: 0.044100 ms MarkObjects: 1.610600 ms  DeleteObjects: 0.061200 ms)

AssetImportWorkerClient::OnTransportError - code=2 error=End of file
