Using pre-set license
Built from '2020.3/staging' branch; Version is '2020.3.5f1 (8095aa901b9b) revision 8426922'; Using compiler version '192528614'; Build Type 'Release'
OS: 'Windows 10 Pro; OS build 19041.928; Version 2004; 64bit' Language: 'en' Physical Memory: 32716 MB
BatchMode: 1, IsHumanControllingUs: 0, StartBugReporterOnCrash: 0, Is64bit: 1, IsPro: 0

 COMMAND LINE ARGUMENTS:
D:\Program Files (x86)\Unity\2020.3.5f1\Editor\Unity.exe
-adb2
-batchMode
-noUpm
-name
AssetImportWorker0
-projectPath
D:/Repos/Unity 3D/Obstacle-Course
-logFile
Logs/AssetImportWorker0.log
-srvPort
5245
Successfully changed project path to: D:/Repos/Unity 3D/Obstacle-Course
D:/Repos/Unity 3D/Obstacle-Course
Using Asset Import Pipeline V2.
Refreshing native plugins compatible for Editor in 22.93 ms, found 0 plugins.
Preloading 0 native plugins for Editor in 0.00 ms.
Initialize engine version: 2020.3.5f1 (8095aa901b9b)
[Subsystems] Discovering subsystems at path D:/Program Files (x86)/Unity/2020.3.5f1/Editor/Data/Resources/UnitySubsystems
[Subsystems] Discovering subsystems at path D:/Repos/Unity 3D/Obstacle-Course/Assets
GfxDevice: creating device client; threaded=0
Direct3D:
    Version:  Direct3D 11.0 [level 11.1]
    Renderer: NVIDIA GeForce GTX 1650 SUPER (ID=0x2187)
    Vendor:   
    VRAM:     3955 MB
    Driver:   27.21.14.6611
Initialize mono
Mono path[0] = 'D:/Program Files (x86)/Unity/2020.3.5f1/Editor/Data/Managed'
Mono path[1] = 'D:/Program Files (x86)/Unity/2020.3.5f1/Editor/Data/MonoBleedingEdge/lib/mono/unityjit'
Mono config path = 'D:/Program Files (x86)/Unity/2020.3.5f1/Editor/Data/MonoBleedingEdge/etc'
Using monoOptions --debugger-agent=transport=dt_socket,embedding=1,server=y,suspend=n,address=127.0.0.1:56136
Begin MonoManager ReloadAssembly
Registering precompiled unity dll's ...
Register platform support module: D:/Program Files (x86)/Unity/2020.3.5f1/Editor/Data/PlaybackEngines/WindowsStandaloneSupport/UnityEditor.WindowsStandalone.Extensions.dll
Registered in 0.000925 seconds.
Native extension for WindowsStandalone target not found
Refreshing native plugins compatible for Editor in 22.26 ms, found 0 plugins.
Preloading 0 native plugins for Editor in 0.00 ms.
Mono: successfully reloaded assembly
- Completed reload, in  0.722 seconds
Platform modules already initialized, skipping
Registering precompiled user dll's ...
Registered in 0.000503 seconds.
Begin MonoManager ReloadAssembly
Native extension for WindowsStandalone target not found
Refreshing native plugins compatible for Editor in 0.23 ms, found 0 plugins.
Preloading 0 native plugins for Editor in 0.00 ms.
Mono: successfully reloaded assembly
- Completed reload, in  0.689 seconds
Platform modules already initialized, skipping
========================================================================
Worker process is ready to serve import requests
Launched and connected shader compiler UnityShaderCompiler.exe after 0.04 seconds
Refreshing native plugins compatible for Editor in 0.25 ms, found 0 plugins.
Preloading 0 native plugins for Editor in 0.00 ms.
Unloading 1266 Unused Serialized files (Serialized files now loaded: 0)
System memory in use before: 62.1 MB.
System memory in use after: 62.1 MB.

Unloading 11 unused Assets to reduce memory usage. Loaded Objects now: 1708.
Total: 1.753500 ms (FindLiveObjects: 0.171000 ms CreateObjectMapping: 0.031300 ms MarkObjects: 1.470500 ms  DeleteObjects: 0.079800 ms)

========================================================================
Received Import Request.
  path: Assets/Scripts
  artifactKey: Guid(510209b260d01d7489735ed91bb6dad2) Importer(815301076,1909f56bfc062723c751e8b465ee728b)
Start importing Assets/Scripts using Guid(510209b260d01d7489735ed91bb6dad2) Importer(815301076,1909f56bfc062723c751e8b465ee728b)  -> (artifact id: '5fa05d8be5aecedc3df8562faf0a5b18') in 0.007081 seconds
  Import took 0.009211 seconds .

========================================================================
Received Import Request.
  Time since last request: 0.000181 seconds.
  path: Assets/Ground Material.mat
  artifactKey: Guid(b7dbc434f90c8c14883c58eba72ccc47) Importer(815301076,1909f56bfc062723c751e8b465ee728b)
Start importing Assets/Ground Material.mat using Guid(b7dbc434f90c8c14883c58eba72ccc47) Importer(815301076,1909f56bfc062723c751e8b465ee728b)  -> (artifact id: '20ffefeae158d8c0d0686df84ba5f4bd') in 0.088394 seconds
  Import took 0.090655 seconds .

========================================================================
Received Import Request.
  Time since last request: 0.000189 seconds.
  path: Assets/Obstacle Material.mat
  artifactKey: Guid(68b6381e0e4bafb459dce796f86b818b) Importer(815301076,1909f56bfc062723c751e8b465ee728b)
Start importing Assets/Obstacle Material.mat using Guid(68b6381e0e4bafb459dce796f86b818b) Importer(815301076,1909f56bfc062723c751e8b465ee728b)  -> (artifact id: '2fcd07a3f658d730eb473ceae30da076') in 0.011382 seconds
  Import took 0.013365 seconds .

========================================================================
Received Import Request.
  Time since last request: 0.000168 seconds.
  path: Assets/Player Material.mat
  artifactKey: Guid(35d441fdd948dfa43997da09e3ca9f83) Importer(815301076,1909f56bfc062723c751e8b465ee728b)
Start importing Assets/Player Material.mat using Guid(35d441fdd948dfa43997da09e3ca9f83) Importer(815301076,1909f56bfc062723c751e8b465ee728b)  -> (artifact id: '51e9a35eddd31afc8cdfa2ae1219997c') in 0.009769 seconds
  Import took 0.011899 seconds .

========================================================================
Received Import Request.
  Time since last request: 0.000154 seconds.
  path: Assets/Wall Material.mat
  artifactKey: Guid(115e82e21e2b4e7449f1fa18f5680161) Importer(815301076,1909f56bfc062723c751e8b465ee728b)
Start importing Assets/Wall Material.mat using Guid(115e82e21e2b4e7449f1fa18f5680161) Importer(815301076,1909f56bfc062723c751e8b465ee728b)  -> (artifact id: 'b7024be9fa57667b352d3bcf472b1731') in 0.010035 seconds
  Import took 0.011815 seconds .

========================================================================
Received Import Request.
  Time since last request: 5.058335 seconds.
  path: Assets/Scripts/Spinner.cs
  artifactKey: Guid(5c7a76fb3edc68349a9d90ad6a76a06f) Importer(815301076,1909f56bfc062723c751e8b465ee728b)
Start importing Assets/Scripts/Spinner.cs using Guid(5c7a76fb3edc68349a9d90ad6a76a06f) Importer(815301076,1909f56bfc062723c751e8b465ee728b)  -> (artifact id: 'd9f33bd95af2a0bc8faea64524240660') in 0.170008 seconds
  Import took 0.172160 seconds .

========================================================================
Received Prepare
Registering precompiled user dll's ...
Registered in 0.000752 seconds.
Begin MonoManager ReloadAssembly
Native extension for WindowsStandalone target not found
Refreshing native plugins compatible for Editor in 0.27 ms, found 0 plugins.
Preloading 0 native plugins for Editor in 0.00 ms.
Mono: successfully reloaded assembly
- Completed reload, in  1.097 seconds
Platform modules already initialized, skipping
Refreshing native plugins compatible for Editor in 0.25 ms, found 0 plugins.
Preloading 0 native plugins for Editor in 0.00 ms.
Unloading 1260 Unused Serialized files (Serialized files now loaded: 0)
System memory in use before: 65.3 MB.
System memory in use after: 65.4 MB.

Unloading 6 unused Assets to reduce memory usage. Loaded Objects now: 1752.
Total: 2.281900 ms (FindLiveObjects: 0.226800 ms CreateObjectMapping: 0.031200 ms MarkObjects: 1.975800 ms  DeleteObjects: 0.046900 ms)

========================================================================
Received Prepare
Registering precompiled user dll's ...
Registered in 0.000830 seconds.
Begin MonoManager ReloadAssembly
Native extension for WindowsStandalone target not found
Refreshing native plugins compatible for Editor in 0.25 ms, found 0 plugins.
Preloading 0 native plugins for Editor in 0.00 ms.
Mono: successfully reloaded assembly
- Completed reload, in  0.716 seconds
Platform modules already initialized, skipping
Refreshing native plugins compatible for Editor in 0.26 ms, found 0 plugins.
Preloading 0 native plugins for Editor in 0.00 ms.
Unloading 1260 Unused Serialized files (Serialized files now loaded: 0)
System memory in use before: 65.3 MB.
System memory in use after: 65.4 MB.

Unloading 6 unused Assets to reduce memory usage. Loaded Objects now: 1755.
Total: 5.057100 ms (FindLiveObjects: 0.212900 ms CreateObjectMapping: 0.031500 ms MarkObjects: 4.721000 ms  DeleteObjects: 0.090200 ms)

========================================================================
Received Import Request.
  Time since last request: 178.066498 seconds.
  path: Assets/Scripts/Spinner.cs
  artifactKey: Guid(5c7a76fb3edc68349a9d90ad6a76a06f) Importer(815301076,1909f56bfc062723c751e8b465ee728b)
Start importing Assets/Scripts/Spinner.cs using Guid(5c7a76fb3edc68349a9d90ad6a76a06f) Importer(815301076,1909f56bfc062723c751e8b465ee728b)  -> (artifact id: '62f6c5766963f6a22c72345f9d448983') in 0.021916 seconds
  Import took 0.024047 seconds .

========================================================================
Received Prepare
Registering precompiled user dll's ...
Registered in 0.000467 seconds.
Begin MonoManager ReloadAssembly
Native extension for WindowsStandalone target not found
Refreshing native plugins compatible for Editor in 0.27 ms, found 0 plugins.
Preloading 0 native plugins for Editor in 0.00 ms.
Mono: successfully reloaded assembly
- Completed reload, in  0.782 seconds
Platform modules already initialized, skipping
Refreshing native plugins compatible for Editor in 0.24 ms, found 0 plugins.
Preloading 0 native plugins for Editor in 0.00 ms.
Unloading 1260 Unused Serialized files (Serialized files now loaded: 0)
System memory in use before: 65.3 MB.
System memory in use after: 65.4 MB.

Unloading 6 unused Assets to reduce memory usage. Loaded Objects now: 1758.
Total: 1.573100 ms (FindLiveObjects: 0.174800 ms CreateObjectMapping: 0.028400 ms MarkObjects: 1.321100 ms  DeleteObjects: 0.047700 ms)

========================================================================
Received Prepare
Registering precompiled user dll's ...
Registered in 0.000524 seconds.
Begin MonoManager ReloadAssembly
Native extension for WindowsStandalone target not found
Refreshing native plugins compatible for Editor in 0.25 ms, found 0 plugins.
Preloading 0 native plugins for Editor in 0.00 ms.
Mono: successfully reloaded assembly
- Completed reload, in  0.733 seconds
Platform modules already initialized, skipping
Refreshing native plugins compatible for Editor in 0.25 ms, found 0 plugins.
Preloading 0 native plugins for Editor in 0.00 ms.
Unloading 1260 Unused Serialized files (Serialized files now loaded: 0)
System memory in use before: 65.3 MB.
System memory in use after: 65.4 MB.

Unloading 6 unused Assets to reduce memory usage. Loaded Objects now: 1761.
Total: 1.590900 ms (FindLiveObjects: 0.183000 ms CreateObjectMapping: 0.030900 ms MarkObjects: 1.326000 ms  DeleteObjects: 0.049800 ms)

========================================================================
Received Prepare
Registering precompiled user dll's ...
Registered in 0.000432 seconds.
Begin MonoManager ReloadAssembly
Native extension for WindowsStandalone target not found
Refreshing native plugins compatible for Editor in 0.27 ms, found 0 plugins.
Preloading 0 native plugins for Editor in 0.00 ms.
Mono: successfully reloaded assembly
- Completed reload, in  0.750 seconds
Platform modules already initialized, skipping
Refreshing native plugins compatible for Editor in 0.25 ms, found 0 plugins.
Preloading 0 native plugins for Editor in 0.00 ms.
Unloading 1260 Unused Serialized files (Serialized files now loaded: 0)
System memory in use before: 65.4 MB.
System memory in use after: 65.4 MB.

Unloading 6 unused Assets to reduce memory usage. Loaded Objects now: 1764.
Total: 1.611300 ms (FindLiveObjects: 0.184600 ms CreateObjectMapping: 0.032600 ms MarkObjects: 1.345800 ms  DeleteObjects: 0.047400 ms)

========================================================================
Received Prepare
Registering precompiled user dll's ...
Registered in 0.000447 seconds.
Begin MonoManager ReloadAssembly
Native extension for WindowsStandalone target not found
Refreshing native plugins compatible for Editor in 0.24 ms, found 0 plugins.
Preloading 0 native plugins for Editor in 0.00 ms.
Mono: successfully reloaded assembly
- Completed reload, in  0.770 seconds
Platform modules already initialized, skipping
Refreshing native plugins compatible for Editor in 0.24 ms, found 0 plugins.
Preloading 0 native plugins for Editor in 0.00 ms.
Unloading 1260 Unused Serialized files (Serialized files now loaded: 0)
System memory in use before: 65.4 MB.
System memory in use after: 65.4 MB.

Unloading 6 unused Assets to reduce memory usage. Loaded Objects now: 1767.
Total: 1.861900 ms (FindLiveObjects: 0.315700 ms CreateObjectMapping: 0.092700 ms MarkObjects: 1.394900 ms  DeleteObjects: 0.057200 ms)

========================================================================
Received Prepare
Registering precompiled user dll's ...
Registered in 0.000464 seconds.
Begin MonoManager ReloadAssembly
Native extension for WindowsStandalone target not found
Refreshing native plugins compatible for Editor in 0.23 ms, found 0 plugins.
Preloading 0 native plugins for Editor in 0.00 ms.
Mono: successfully reloaded assembly
- Completed reload, in  0.663 seconds
Platform modules already initialized, skipping
Refreshing native plugins compatible for Editor in 0.30 ms, found 0 plugins.
Preloading 0 native plugins for Editor in 0.00 ms.
Unloading 1260 Unused Serialized files (Serialized files now loaded: 0)
System memory in use before: 65.4 MB.
System memory in use after: 65.4 MB.

Unloading 6 unused Assets to reduce memory usage. Loaded Objects now: 1770.
Total: 1.634400 ms (FindLiveObjects: 0.183500 ms CreateObjectMapping: 0.035200 ms MarkObjects: 1.367800 ms  DeleteObjects: 0.046700 ms)

========================================================================
Received Prepare
Registering precompiled user dll's ...
Registered in 0.000539 seconds.
Begin MonoManager ReloadAssembly
Native extension for WindowsStandalone target not found
Refreshing native plugins compatible for Editor in 0.41 ms, found 0 plugins.
Preloading 0 native plugins for Editor in 0.00 ms.
Mono: successfully reloaded assembly
- Completed reload, in  1.006 seconds
Platform modules already initialized, skipping
Refreshing native plugins compatible for Editor in 0.26 ms, found 0 plugins.
Preloading 0 native plugins for Editor in 0.00 ms.
Unloading 1260 Unused Serialized files (Serialized files now loaded: 0)
System memory in use before: 65.4 MB.
System memory in use after: 65.4 MB.

Unloading 6 unused Assets to reduce memory usage. Loaded Objects now: 1773.
Total: 1.719000 ms (FindLiveObjects: 0.187200 ms CreateObjectMapping: 0.030500 ms MarkObjects: 1.448700 ms  DeleteObjects: 0.051600 ms)

========================================================================
Received Prepare
Registering precompiled user dll's ...
Registered in 0.000558 seconds.
Begin MonoManager ReloadAssembly
Native extension for WindowsStandalone target not found
Refreshing native plugins compatible for Editor in 0.26 ms, found 0 plugins.
Preloading 0 native plugins for Editor in 0.00 ms.
Mono: successfully reloaded assembly
- Completed reload, in  0.766 seconds
Platform modules already initialized, skipping
Refreshing native plugins compatible for Editor in 0.25 ms, found 0 plugins.
Preloading 0 native plugins for Editor in 0.00 ms.
Unloading 1260 Unused Serialized files (Serialized files now loaded: 0)
System memory in use before: 65.4 MB.
System memory in use after: 65.5 MB.

Unloading 6 unused Assets to reduce memory usage. Loaded Objects now: 1776.
Total: 1.601400 ms (FindLiveObjects: 0.216700 ms CreateObjectMapping: 0.031700 ms MarkObjects: 1.298900 ms  DeleteObjects: 0.052800 ms)

========================================================================
Received Prepare
Registering precompiled user dll's ...
Registered in 0.000467 seconds.
Begin MonoManager ReloadAssembly
Native extension for WindowsStandalone target not found
Refreshing native plugins compatible for Editor in 0.25 ms, found 0 plugins.
Preloading 0 native plugins for Editor in 0.00 ms.
Mono: successfully reloaded assembly
- Completed reload, in  0.756 seconds
Platform modules already initialized, skipping
Refreshing native plugins compatible for Editor in 0.25 ms, found 0 plugins.
Preloading 0 native plugins for Editor in 0.00 ms.
Unloading 1260 Unused Serialized files (Serialized files now loaded: 0)
System memory in use before: 65.4 MB.
System memory in use after: 65.5 MB.

Unloading 6 unused Assets to reduce memory usage. Loaded Objects now: 1779.
Total: 1.669100 ms (FindLiveObjects: 0.176000 ms CreateObjectMapping: 0.029000 ms MarkObjects: 1.410300 ms  DeleteObjects: 0.053000 ms)

========================================================================
Received Prepare
Registering precompiled user dll's ...
Registered in 0.000470 seconds.
Begin MonoManager ReloadAssembly
Native extension for WindowsStandalone target not found
Refreshing native plugins compatible for Editor in 0.39 ms, found 0 plugins.
Preloading 0 native plugins for Editor in 0.00 ms.
Mono: successfully reloaded assembly
- Completed reload, in  0.868 seconds
Platform modules already initialized, skipping
Refreshing native plugins compatible for Editor in 0.31 ms, found 0 plugins.
Preloading 0 native plugins for Editor in 0.00 ms.
Unloading 1260 Unused Serialized files (Serialized files now loaded: 0)
System memory in use before: 65.4 MB.
System memory in use after: 65.5 MB.

Unloading 6 unused Assets to reduce memory usage. Loaded Objects now: 1782.
Total: 2.511100 ms (FindLiveObjects: 0.200600 ms CreateObjectMapping: 0.031600 ms MarkObjects: 2.219800 ms  DeleteObjects: 0.057700 ms)

========================================================================
Received Import Request.
  Time since last request: 816.235455 seconds.
  path: Assets/Platform Material.mat
  artifactKey: Guid(acc9b54d94d2b2547bbb076765ba3bec) Importer(815301076,1909f56bfc062723c751e8b465ee728b)
Start importing Assets/Platform Material.mat using Guid(acc9b54d94d2b2547bbb076765ba3bec) Importer(815301076,1909f56bfc062723c751e8b465ee728b)  -> (artifact id: '5cdc7ce845e7726d6d0b35b26b9f5f87') in 0.055133 seconds
  Import took 0.057737 seconds .

========================================================================
Received Import Request.
  Time since last request: 183.055984 seconds.
  path: Assets/Scenes
  artifactKey: Guid(6515f8c98fca03d43a86003ae5507af2) Importer(815301076,1909f56bfc062723c751e8b465ee728b)
Start importing Assets/Scenes using Guid(6515f8c98fca03d43a86003ae5507af2) Importer(815301076,1909f56bfc062723c751e8b465ee728b)  -> (artifact id: '11120c5d89bebf5720575215fbf5dfd1') in 0.007982 seconds
  Import took 0.010120 seconds .

========================================================================
Received Prepare
Registering precompiled user dll's ...
Registered in 0.000504 seconds.
Begin MonoManager ReloadAssembly
Native extension for WindowsStandalone target not found
Refreshing native plugins compatible for Editor in 0.26 ms, found 0 plugins.
Preloading 0 native plugins for Editor in 0.00 ms.
Mono: successfully reloaded assembly
- Completed reload, in  0.909 seconds
Platform modules already initialized, skipping
Refreshing native plugins compatible for Editor in 0.25 ms, found 0 plugins.
Preloading 0 native plugins for Editor in 0.00 ms.
Unloading 1260 Unused Serialized files (Serialized files now loaded: 0)
System memory in use before: 65.4 MB.
System memory in use after: 65.5 MB.

Unloading 6 unused Assets to reduce memory usage. Loaded Objects now: 1786.
Total: 1.951300 ms (FindLiveObjects: 0.188200 ms CreateObjectMapping: 0.031000 ms MarkObjects: 1.674000 ms  DeleteObjects: 0.056600 ms)

========================================================================
Received Import Request.
  Time since last request: 426.402067 seconds.
  path: Assets/Materials
  artifactKey: Guid(b9d8c4285a0dcae47bab73d4f337af1c) Importer(815301076,1909f56bfc062723c751e8b465ee728b)
Start importing Assets/Materials using Guid(b9d8c4285a0dcae47bab73d4f337af1c) Importer(815301076,1909f56bfc062723c751e8b465ee728b)  -> (artifact id: 'dd6c44bb25288150768212b9ced9f16f') in 0.009336 seconds
  Import took 0.011786 seconds .

========================================================================
Received Import Request.
  Time since last request: 14.565001 seconds.
  path: Assets/Prefab
  artifactKey: Guid(d47ff70d7279f11468edf2b61689077d) Importer(815301076,1909f56bfc062723c751e8b465ee728b)
Start importing Assets/Prefab using Guid(d47ff70d7279f11468edf2b61689077d) Importer(815301076,1909f56bfc062723c751e8b465ee728b)  -> (artifact id: 'd82e734bb92dd96901f5717cef6f0599') in 0.010604 seconds
  Import took 0.013075 seconds .

========================================================================
Received Import Request.
  Time since last request: 5.546237 seconds.
  path: Assets/Prefabs
  artifactKey: Guid(d47ff70d7279f11468edf2b61689077d) Importer(815301076,1909f56bfc062723c751e8b465ee728b)
Start importing Assets/Prefabs using Guid(d47ff70d7279f11468edf2b61689077d) Importer(815301076,1909f56bfc062723c751e8b465ee728b)  -> (artifact id: '8f83ef8a733d69937566efdd3ce6100a') in 0.008138 seconds
  Import took 0.010335 seconds .

========================================================================
Received Import Request.
  Time since last request: 37.552632 seconds.
  path: Assets/Prefabs/Player (Dodge).prefab
  artifactKey: Guid(ee39b9f771fec66419b1b7a8aae4a165) Importer(815301076,1909f56bfc062723c751e8b465ee728b)
Start importing Assets/Prefabs/Player (Dodge).prefab using Guid(ee39b9f771fec66419b1b7a8aae4a165) Importer(815301076,1909f56bfc062723c751e8b465ee728b)  -> (artifact id: '118d05bdf4cac3c081d56c0cb10a0673') in 0.082251 seconds
  Import took 0.084359 seconds .

========================================================================
Received Import Request.
  Time since last request: 0.002420 seconds.
  path: Assets/Prefabs/Player (Dodge).prefab
  artifactKey: Guid(ee39b9f771fec66419b1b7a8aae4a165) Importer(815301076,1909f56bfc062723c751e8b465ee728b)
Start importing Assets/Prefabs/Player (Dodge).prefab using Guid(ee39b9f771fec66419b1b7a8aae4a165) Importer(815301076,1909f56bfc062723c751e8b465ee728b)  -> (artifact id: '118d05bdf4cac3c081d56c0cb10a0673') in 0.008349 seconds
  Import took 0.010893 seconds .

========================================================================
Received Import Request.
  Time since last request: 29.745459 seconds.
  path: Assets/Prefabs/Dropper Cube.prefab
  artifactKey: Guid(d4d77406d44de564cb691b70a7b2ec45) Importer(815301076,1909f56bfc062723c751e8b465ee728b)
Start importing Assets/Prefabs/Dropper Cube.prefab using Guid(d4d77406d44de564cb691b70a7b2ec45) Importer(815301076,1909f56bfc062723c751e8b465ee728b)  -> (artifact id: '392e34eec7dbefae99faa3dd0239dc6a') in 0.017680 seconds
  Import took 0.020036 seconds .

========================================================================
Received Import Request.
  Time since last request: 0.014565 seconds.
  path: Assets/Prefabs/Dropper Cube.prefab
  artifactKey: Guid(d4d77406d44de564cb691b70a7b2ec45) Importer(815301076,1909f56bfc062723c751e8b465ee728b)
Start importing Assets/Prefabs/Dropper Cube.prefab using Guid(d4d77406d44de564cb691b70a7b2ec45) Importer(815301076,1909f56bfc062723c751e8b465ee728b)  -> (artifact id: '392e34eec7dbefae99faa3dd0239dc6a') in 0.014602 seconds
  Import took 0.017475 seconds .

========================================================================
Received Import Request.
  Time since last request: 2.236033 seconds.
  path: Assets/Prefabs/Spinning Bar.prefab
  artifactKey: Guid(87250808c95187540b61b3e4f2fef077) Importer(815301076,1909f56bfc062723c751e8b465ee728b)
Start importing Assets/Prefabs/Spinning Bar.prefab using Guid(87250808c95187540b61b3e4f2fef077) Importer(815301076,1909f56bfc062723c751e8b465ee728b)  -> (artifact id: '1582e948003730634bb1b6dfd584e224') in 0.014591 seconds
  Import took 0.017128 seconds .

========================================================================
Received Import Request.
  Time since last request: 0.009992 seconds.
  path: Assets/Prefabs/Spinning Bar.prefab
  artifactKey: Guid(87250808c95187540b61b3e4f2fef077) Importer(815301076,1909f56bfc062723c751e8b465ee728b)
Start importing Assets/Prefabs/Spinning Bar.prefab using Guid(87250808c95187540b61b3e4f2fef077) Importer(815301076,1909f56bfc062723c751e8b465ee728b)  -> (artifact id: '1582e948003730634bb1b6dfd584e224') in 0.006930 seconds
  Import took 0.009609 seconds .

========================================================================
Received Import Request.
  Time since last request: 1.536442 seconds.
  path: Assets/Prefabs/Roller.prefab
  artifactKey: Guid(23807ce54112ebf4c86e19758cad12d1) Importer(815301076,1909f56bfc062723c751e8b465ee728b)
Start importing Assets/Prefabs/Roller.prefab using Guid(23807ce54112ebf4c86e19758cad12d1) Importer(815301076,1909f56bfc062723c751e8b465ee728b)  -> (artifact id: '708054e3ae2fcef4d35ae26c8a57baad') in 0.014037 seconds
  Import took 0.016165 seconds .

========================================================================
Received Import Request.
  Time since last request: 0.019399 seconds.
  path: Assets/Prefabs/Roller.prefab
  artifactKey: Guid(23807ce54112ebf4c86e19758cad12d1) Importer(815301076,1909f56bfc062723c751e8b465ee728b)
Start importing Assets/Prefabs/Roller.prefab using Guid(23807ce54112ebf4c86e19758cad12d1) Importer(815301076,1909f56bfc062723c751e8b465ee728b)  -> (artifact id: '708054e3ae2fcef4d35ae26c8a57baad') in 0.007939 seconds
  Import took 0.010274 seconds .

========================================================================
Received Import Request.
  Time since last request: 11.787364 seconds.
  path: Assets/Prefabs/Roller 1.prefab
  artifactKey: Guid(30b85240c56748b4ab5af66fc3433bf3) Importer(815301076,1909f56bfc062723c751e8b465ee728b)
Start importing Assets/Prefabs/Roller 1.prefab using Guid(30b85240c56748b4ab5af66fc3433bf3) Importer(815301076,1909f56bfc062723c751e8b465ee728b)  -> (artifact id: '3c2a3f294e3009cd939505303e166ac8') in 0.011926 seconds
  Import took 0.014100 seconds .

========================================================================
Received Import Request.
  Time since last request: 0.017817 seconds.
  path: Assets/Prefabs/Roller 1.prefab
  artifactKey: Guid(30b85240c56748b4ab5af66fc3433bf3) Importer(815301076,1909f56bfc062723c751e8b465ee728b)
Start importing Assets/Prefabs/Roller 1.prefab using Guid(30b85240c56748b4ab5af66fc3433bf3) Importer(815301076,1909f56bfc062723c751e8b465ee728b)  -> (artifact id: '3c2a3f294e3009cd939505303e166ac8') in 0.010027 seconds
  Import took 0.012565 seconds .

========================================================================
Received Import Request.
  Time since last request: 7.831543 seconds.
  path: Assets/Prefabs/Roller.prefab
  artifactKey: Guid(23807ce54112ebf4c86e19758cad12d1) Importer(815301076,1909f56bfc062723c751e8b465ee728b)
Start importing Assets/Prefabs/Roller.prefab using Guid(23807ce54112ebf4c86e19758cad12d1) Importer(815301076,1909f56bfc062723c751e8b465ee728b)  -> (artifact id: '609c6778400105d321e341428dee1834') in 0.014379 seconds
  Import took 0.016613 seconds .

========================================================================
Received Import Request.
  Time since last request: 0.016975 seconds.
  path: Assets/Prefabs/Roller.prefab
  artifactKey: Guid(23807ce54112ebf4c86e19758cad12d1) Importer(815301076,1909f56bfc062723c751e8b465ee728b)
Start importing Assets/Prefabs/Roller.prefab using Guid(23807ce54112ebf4c86e19758cad12d1) Importer(815301076,1909f56bfc062723c751e8b465ee728b)  -> (artifact id: '609c6778400105d321e341428dee1834') in 0.016446 seconds
  Import took 0.018937 seconds .

========================================================================
Received Import Request.
  Time since last request: 5.419179 seconds.
  path: Assets/Prefabs/Spinning Bar.prefab
  artifactKey: Guid(87250808c95187540b61b3e4f2fef077) Importer(815301076,1909f56bfc062723c751e8b465ee728b)
Start importing Assets/Prefabs/Spinning Bar.prefab using Guid(87250808c95187540b61b3e4f2fef077) Importer(815301076,1909f56bfc062723c751e8b465ee728b)  -> (artifact id: '3d49e994c15fef467bbd1e9e37fe9cb1') in 0.010539 seconds
  Import took 0.013068 seconds .

========================================================================
Received Import Request.
  Time since last request: 0.009160 seconds.
  path: Assets/Prefabs/Spinning Bar.prefab
  artifactKey: Guid(87250808c95187540b61b3e4f2fef077) Importer(815301076,1909f56bfc062723c751e8b465ee728b)
Start importing Assets/Prefabs/Spinning Bar.prefab using Guid(87250808c95187540b61b3e4f2fef077) Importer(815301076,1909f56bfc062723c751e8b465ee728b)  -> (artifact id: '3d49e994c15fef467bbd1e9e37fe9cb1') in 0.011390 seconds
  Import took 0.013570 seconds .

========================================================================
Received Import Request.
  Time since last request: 23.278231 seconds.
  path: Assets/Prefabs/Player (Dodge).prefab
  artifactKey: Guid(ee39b9f771fec66419b1b7a8aae4a165) Importer(815301076,1909f56bfc062723c751e8b465ee728b)
Start importing Assets/Prefabs/Player (Dodge).prefab using Guid(ee39b9f771fec66419b1b7a8aae4a165) Importer(815301076,1909f56bfc062723c751e8b465ee728b)  -> (artifact id: 'ae43835ac59efa933c7ad15e7ccd5fc8') in 0.009055 seconds
  Import took 0.011233 seconds .

========================================================================
Received Import Request.
  Time since last request: 0.024692 seconds.
  path: Assets/Prefabs/Player (Dodge).prefab
  artifactKey: Guid(ee39b9f771fec66419b1b7a8aae4a165) Importer(815301076,1909f56bfc062723c751e8b465ee728b)
Start importing Assets/Prefabs/Player (Dodge).prefab using Guid(ee39b9f771fec66419b1b7a8aae4a165) Importer(815301076,1909f56bfc062723c751e8b465ee728b)  -> (artifact id: 'ae43835ac59efa933c7ad15e7ccd5fc8') in 0.010684 seconds
  Import took 0.013132 seconds .

========================================================================
Received Import Request.
  Time since last request: 1.768313 seconds.
  path: Assets/Prefabs/Dropper Cube.prefab
  artifactKey: Guid(d4d77406d44de564cb691b70a7b2ec45) Importer(815301076,1909f56bfc062723c751e8b465ee728b)
Start importing Assets/Prefabs/Dropper Cube.prefab using Guid(d4d77406d44de564cb691b70a7b2ec45) Importer(815301076,1909f56bfc062723c751e8b465ee728b)  -> (artifact id: '0ee34719ae7aea58e264707f4af2ca8d') in 0.009530 seconds
  Import took 0.011736 seconds .

========================================================================
Received Import Request.
  Time since last request: 0.019678 seconds.
  path: Assets/Prefabs/Dropper Cube.prefab
  artifactKey: Guid(d4d77406d44de564cb691b70a7b2ec45) Importer(815301076,1909f56bfc062723c751e8b465ee728b)
Start importing Assets/Prefabs/Dropper Cube.prefab using Guid(d4d77406d44de564cb691b70a7b2ec45) Importer(815301076,1909f56bfc062723c751e8b465ee728b)  -> (artifact id: '0ee34719ae7aea58e264707f4af2ca8d') in 0.014293 seconds
  Import took 0.016581 seconds .

========================================================================
Received Import Request.
  Time since last request: 11.953327 seconds.
  path: Assets/Prefabs/Dropper.prefab
  artifactKey: Guid(d4d77406d44de564cb691b70a7b2ec45) Importer(815301076,1909f56bfc062723c751e8b465ee728b)
Start importing Assets/Prefabs/Dropper.prefab using Guid(d4d77406d44de564cb691b70a7b2ec45) Importer(815301076,1909f56bfc062723c751e8b465ee728b)  -> (artifact id: '7ebb698648c57deab079853d882d1420') in 0.024234 seconds
  Import took 0.026373 seconds .

========================================================================
Received Import Request.
  Time since last request: 14.488842 seconds.
  path: Assets/Prefabs/Obstacle.prefab
  artifactKey: Guid(74c2b9dc8d70bc44ab2f8d3b839c47b7) Importer(815301076,1909f56bfc062723c751e8b465ee728b)
Start importing Assets/Prefabs/Obstacle.prefab using Guid(74c2b9dc8d70bc44ab2f8d3b839c47b7) Importer(815301076,1909f56bfc062723c751e8b465ee728b)  -> (artifact id: 'b9efb7d40608a2d1380e65cf03006652') in 0.028137 seconds
  Import took 0.030471 seconds .

========================================================================
Received Import Request.
  Time since last request: 0.000409 seconds.
  path: Assets/Prefabs/Obstacle.prefab
  artifactKey: Guid(74c2b9dc8d70bc44ab2f8d3b839c47b7) Importer(815301076,1909f56bfc062723c751e8b465ee728b)
Start importing Assets/Prefabs/Obstacle.prefab using Guid(74c2b9dc8d70bc44ab2f8d3b839c47b7) Importer(815301076,1909f56bfc062723c751e8b465ee728b)  -> (artifact id: 'b9efb7d40608a2d1380e65cf03006652') in 0.008064 seconds
  Import took 0.010166 seconds .

========================================================================
Received Prepare
Registering precompiled user dll's ...
Registered in 0.000479 seconds.
Begin MonoManager ReloadAssembly
Native extension for WindowsStandalone target not found
Refreshing native plugins compatible for Editor in 0.31 ms, found 0 plugins.
Preloading 0 native plugins for Editor in 0.00 ms.
Mono: successfully reloaded assembly
- Completed reload, in  0.751 seconds
Platform modules already initialized, skipping
Refreshing native plugins compatible for Editor in 0.25 ms, found 0 plugins.
Preloading 0 native plugins for Editor in 0.00 ms.
Unloading 1260 Unused Serialized files (Serialized files now loaded: 0)
System memory in use before: 65.5 MB.
System memory in use after: 65.6 MB.

Unloading 7 unused Assets to reduce memory usage. Loaded Objects now: 1792.
Total: 1.851700 ms (FindLiveObjects: 0.184500 ms CreateObjectMapping: 0.033800 ms MarkObjects: 1.578300 ms  DeleteObjects: 0.053800 ms)

========================================================================
Received Prepare
Registering precompiled user dll's ...
Registered in 0.000538 seconds.
Begin MonoManager ReloadAssembly
Native extension for WindowsStandalone target not found
Refreshing native plugins compatible for Editor in 0.31 ms, found 0 plugins.
Preloading 0 native plugins for Editor in 0.00 ms.
Mono: successfully reloaded assembly
- Completed reload, in  0.923 seconds
Platform modules already initialized, skipping
Refreshing native plugins compatible for Editor in 0.28 ms, found 0 plugins.
Preloading 0 native plugins for Editor in 0.00 ms.
Unloading 1260 Unused Serialized files (Serialized files now loaded: 0)
System memory in use before: 65.5 MB.
System memory in use after: 65.6 MB.

Unloading 6 unused Assets to reduce memory usage. Loaded Objects now: 1795.
Total: 2.820200 ms (FindLiveObjects: 0.260200 ms CreateObjectMapping: 0.068700 ms MarkObjects: 2.413900 ms  DeleteObjects: 0.075500 ms)

========================================================================
Received Prepare
Registering precompiled user dll's ...
Registered in 0.000882 seconds.
Begin MonoManager ReloadAssembly
Native extension for WindowsStandalone target not found
Refreshing native plugins compatible for Editor in 0.24 ms, found 0 plugins.
Preloading 0 native plugins for Editor in 0.00 ms.
Mono: successfully reloaded assembly
- Completed reload, in  0.773 seconds
Platform modules already initialized, skipping
Refreshing native plugins compatible for Editor in 0.39 ms, found 0 plugins.
Preloading 0 native plugins for Editor in 0.00 ms.
Unloading 1260 Unused Serialized files (Serialized files now loaded: 0)
System memory in use before: 65.5 MB.
System memory in use after: 65.6 MB.

Unloading 6 unused Assets to reduce memory usage. Loaded Objects now: 1798.
Total: 1.952100 ms (FindLiveObjects: 0.185200 ms CreateObjectMapping: 0.029700 ms MarkObjects: 1.678300 ms  DeleteObjects: 0.057500 ms)

========================================================================
Received Prepare
Registering precompiled user dll's ...
Registered in 0.000475 seconds.
Begin MonoManager ReloadAssembly
Native extension for WindowsStandalone target not found
Refreshing native plugins compatible for Editor in 0.32 ms, found 0 plugins.
Preloading 0 native plugins for Editor in 0.00 ms.
Mono: successfully reloaded assembly
- Completed reload, in  0.756 seconds
Platform modules already initialized, skipping
Refreshing native plugins compatible for Editor in 0.24 ms, found 0 plugins.
Preloading 0 native plugins for Editor in 0.00 ms.
Unloading 1260 Unused Serialized files (Serialized files now loaded: 0)
System memory in use before: 65.5 MB.
System memory in use after: 65.6 MB.

Unloading 6 unused Assets to reduce memory usage. Loaded Objects now: 1801.
Total: 1.664000 ms (FindLiveObjects: 0.216100 ms CreateObjectMapping: 0.038800 ms MarkObjects: 1.357900 ms  DeleteObjects: 0.049600 ms)

========================================================================
Received Prepare
Registering precompiled user dll's ...
Registered in 0.000381 seconds.
Begin MonoManager ReloadAssembly
Native extension for WindowsStandalone target not found
Refreshing native plugins compatible for Editor in 0.24 ms, found 0 plugins.
Preloading 0 native plugins for Editor in 0.00 ms.
Mono: successfully reloaded assembly
- Completed reload, in  0.652 seconds
Platform modules already initialized, skipping
Refreshing native plugins compatible for Editor in 0.25 ms, found 0 plugins.
Preloading 0 native plugins for Editor in 0.00 ms.
Unloading 1260 Unused Serialized files (Serialized files now loaded: 0)
System memory in use before: 65.5 MB.
System memory in use after: 65.6 MB.

Unloading 6 unused Assets to reduce memory usage. Loaded Objects now: 1804.
Total: 1.574800 ms (FindLiveObjects: 0.166000 ms CreateObjectMapping: 0.028300 ms MarkObjects: 1.333700 ms  DeleteObjects: 0.045900 ms)

AssetImportWorkerClient::OnTransportError - code=2 error=End of file
